<?xml version="1.0" encoding="UTF-8"?>
<testng-results ignored="0" total="1" passed="1" failed="0" skipped="0">
  <reporter-output>
  </reporter-output>
  <suite started-at="2023-08-23T16:55:06 IST" name="Suite" finished-at="2023-08-23T16:55:12 IST" duration-ms="6074">
    <groups>
    </groups>
    <test started-at="2023-08-23T16:55:06 IST" name="Test" finished-at="2023-08-23T16:55:12 IST" duration-ms="6074">
      <class name="selenium.selenium.NewTest">
        <test-method is-config="true" signature="beforeMethod()[pri:0, instance:selenium.selenium.NewTest@7fee8714]" started-at="2023-08-23T16:55:06 IST" name="beforeMethod" finished-at="2023-08-23T16:55:06 IST" duration-ms="4" status="PASS">
          <reporter-output>
          </reporter-output>
        </test-method> <!-- beforeMethod -->
        <test-method signature="f()[pri:0, instance:selenium.selenium.NewTest@7fee8714]" started-at="2023-08-23T16:55:06 IST" name="f" finished-at="2023-08-23T16:55:12 IST" duration-ms="5854" status="PASS">
          <reporter-output>
          </reporter-output>
        </test-method> <!-- f -->
        <test-method is-config="true" signature="afterMethod()[pri:0, instance:selenium.selenium.NewTest@7fee8714]" started-at="2023-08-23T16:55:12 IST" name="afterMethod" finished-at="2023-08-23T16:55:12 IST" duration-ms="186" status="PASS">
          <reporter-output>
          </reporter-output>
        </test-method> <!-- afterMethod -->
      </class> <!-- selenium.selenium.NewTest -->
    </test> <!-- Test -->
  </suite> <!-- Suite -->
</testng-results>
